<?xml version="1.0" encoding="UTF-8"?>
<testsuite name="pt.up.fe.ldts.example4.WorkerTest" tests="3" skipped="0" failures="0" errors="0" timestamp="2022-12-04T19:48:02" hostname="sereno-VivoBook-ASUSLaptop-X512DA-F512DA" time="0.004">
  <properties/>
  <testcase name="testClient()" classname="pt.up.fe.ldts.example4.WorkerTest" time="0.001"/>
  <testcase name="testWorker()" classname="pt.up.fe.ldts.example4.WorkerTest" time="0.001"/>
  <testcase name="testSupervisor()" classname="pt.up.fe.ldts.example4.WorkerTest" time="0.0"/>
  <system-out><![CDATA[]]></system-out>
  <system-err><![CDATA[]]></system-err>
</testsuite>
